  Redis없이테스트용.cpp
C:\Users\asus\source\repos\Redis없이테스트용\Redis없이테스트용\Redis없이테스트용.cpp(100,16): warning C4018: '<': signed 또는 unsigned가 일치하지 않습니다.
C:\Users\asus\source\repos\Redis없이테스트용\Redis없이테스트용\Redis없이테스트용.cpp(139,9): warning C4477: 'printf' : 서식 문자열 '%d'에 'int' 형식의 인수가 필요하지만 variadic 인수 1의 형식이 'HANDLE'입니다.
C:\Users\asus\source\repos\Redis없이테스트용\Redis없이테스트용\Redis없이테스트용.cpp(139,9): warning C4313: 'printf': 서식 문자열의 '%d'이(가) HANDLE' 형식의 인수 1과(와) 충돌합니다.
C:\Users\asus\source\repos\Redis없이테스트용\Redis없이테스트용\Redis없이테스트용.cpp(178,10): warning C4477: 'printf' : 서식 문자열 '%d'에 'int' 형식의 인수가 필요하지만 variadic 인수 1의 형식이 'SOCKET'입니다.
C:\Users\asus\source\repos\Redis없이테스트용\Redis없이테스트용\Redis없이테스트용.cpp(178,10): message : 서식 문자열에서 '%lld'을(를) 사용하는 것이 좋습니다.
C:\Users\asus\source\repos\Redis없이테스트용\Redis없이테스트용\Redis없이테스트용.cpp(178,10): message : 서식 문자열에서 '%Id'을(를) 사용하는 것이 좋습니다.
C:\Users\asus\source\repos\Redis없이테스트용\Redis없이테스트용\Redis없이테스트용.cpp(178,10): message : 서식 문자열에서 '%I64d'을(를) 사용하는 것이 좋습니다.
C:\Users\asus\source\repos\Redis없이테스트용\Redis없이테스트용\Redis없이테스트용.cpp(179,10): warning C4477: 'printf' : 서식 문자열 '%d'에 'int' 형식의 인수가 필요하지만 variadic 인수 1의 형식이 'HANDLE'입니다.
C:\Users\asus\source\repos\Redis없이테스트용\Redis없이테스트용\Redis없이테스트용.cpp(179,10): warning C4313: 'printf': 서식 문자열의 '%d'이(가) HANDLE' 형식의 인수 1과(와) 충돌합니다.
C:\Users\asus\source\repos\Redis없이테스트용\Redis없이테스트용\Redis없이테스트용.cpp(193,9): warning C4477: 'printf' : 서식 문자열 '%d'에 'int' 형식의 인수가 필요하지만 variadic 인수 1의 형식이 'SOCKET'입니다.
C:\Users\asus\source\repos\Redis없이테스트용\Redis없이테스트용\Redis없이테스트용.cpp(193,9): message : 서식 문자열에서 '%lld'을(를) 사용하는 것이 좋습니다.
C:\Users\asus\source\repos\Redis없이테스트용\Redis없이테스트용\Redis없이테스트용.cpp(193,9): message : 서식 문자열에서 '%Id'을(를) 사용하는 것이 좋습니다.
C:\Users\asus\source\repos\Redis없이테스트용\Redis없이테스트용\Redis없이테스트용.cpp(193,9): message : 서식 문자열에서 '%I64d'을(를) 사용하는 것이 좋습니다.
C:\Users\asus\source\repos\Redis없이테스트용\Redis없이테스트용\Redis없이테스트용.cpp(162,6): warning C4101: 'bytesReceived' :참조되지 않은 지역 변수입니다.
C:\Users\asus\source\repos\Redis없이테스트용\Redis없이테스트용\Redis없이테스트용.cpp(92,14): warning C4101: 'clntAdr' :참조되지 않은 지역 변수입니다.
C:\Users\asus\source\repos\Redis없이테스트용\Redis없이테스트용\Redis없이테스트용.cpp(87,14): warning C4101: 'service' :참조되지 않은 지역 변수입니다.
C:\Users\asus\source\repos\Redis없이테스트용\Redis없이테스트용\Redis없이테스트용.cpp(84,6): warning C4101: 'recvBytes' :참조되지 않은 지역 변수입니다.
C:\Users\asus\source\repos\Redis없이테스트용\Redis없이테스트용\Redis없이테스트용.cpp(281,10): warning C4477: 'printf' : 서식 문자열 '%d'에 'int' 형식의 인수가 필요하지만 variadic 인수 1의 형식이 'SOCKET'입니다.
C:\Users\asus\source\repos\Redis없이테스트용\Redis없이테스트용\Redis없이테스트용.cpp(281,10): message : 서식 문자열에서 '%lld'을(를) 사용하는 것이 좋습니다.
C:\Users\asus\source\repos\Redis없이테스트용\Redis없이테스트용\Redis없이테스트용.cpp(281,10): message : 서식 문자열에서 '%Id'을(를) 사용하는 것이 좋습니다.
C:\Users\asus\source\repos\Redis없이테스트용\Redis없이테스트용\Redis없이테스트용.cpp(281,10): message : 서식 문자열에서 '%I64d'을(를) 사용하는 것이 좋습니다.
C:\Users\asus\source\repos\Redis없이테스트용\Redis없이테스트용\Redis없이테스트용.cpp(401,93): warning C4267: '인수': 'size_t'에서 'int'(으)로 변환하면서 데이터가 손실될 수 있습니다.
C:\Users\asus\source\repos\Redis없이테스트용\Redis없이테스트용\Redis없이테스트용.cpp(626,11): warning C4477: 'printf' : 서식 문자열 '%d'에 'int' 형식의 인수가 필요하지만 variadic 인수 1의 형식이 'SOCKET'입니다.
C:\Users\asus\source\repos\Redis없이테스트용\Redis없이테스트용\Redis없이테스트용.cpp(626,11): message : 서식 문자열에서 '%lld'을(를) 사용하는 것이 좋습니다.
C:\Users\asus\source\repos\Redis없이테스트용\Redis없이테스트용\Redis없이테스트용.cpp(626,11): message : 서식 문자열에서 '%Id'을(를) 사용하는 것이 좋습니다.
C:\Users\asus\source\repos\Redis없이테스트용\Redis없이테스트용\Redis없이테스트용.cpp(626,11): message : 서식 문자열에서 '%I64d'을(를) 사용하는 것이 좋습니다.
C:\Users\asus\source\repos\Redis없이테스트용\Redis없이테스트용\Redis없이테스트용.cpp(627,11): warning C4477: 'printf' : 서식 문자열 '%d'에 'int' 형식의 인수가 필요하지만 variadic 인수 1의 형식이 'SOCKET'입니다.
C:\Users\asus\source\repos\Redis없이테스트용\Redis없이테스트용\Redis없이테스트용.cpp(627,11): message : 서식 문자열에서 '%lld'을(를) 사용하는 것이 좋습니다.
C:\Users\asus\source\repos\Redis없이테스트용\Redis없이테스트용\Redis없이테스트용.cpp(627,11): message : 서식 문자열에서 '%Id'을(를) 사용하는 것이 좋습니다.
C:\Users\asus\source\repos\Redis없이테스트용\Redis없이테스트용\Redis없이테스트용.cpp(627,11): message : 서식 문자열에서 '%I64d'을(를) 사용하는 것이 좋습니다.
C:\Users\asus\source\repos\Redis없이테스트용\Redis없이테스트용\Redis없이테스트용.cpp(250,6): warning C4101: 'port' :참조되지 않은 지역 변수입니다.
C:\Users\asus\source\repos\Redis없이테스트용\Redis없이테스트용\Redis없이테스트용.cpp(245,8): warning C4101: 'dwBytes' :참조되지 않은 지역 변수입니다.
C:\Users\asus\source\repos\Redis없이테스트용\Redis없이테스트용\Redis없이테스트용.cpp(258,7): warning C4101: 'buf' :참조되지 않은 지역 변수입니다.
C:\Users\asus\source\repos\Redis없이테스트용\Redis없이테스트용\Redis없이테스트용.cpp(261,7): warning C4101: 'filename' :참조되지 않은 지역 변수입니다.
C:\Users\asus\source\repos\Redis없이테스트용\Redis없이테스트용\Redis없이테스트용.cpp(260,7): warning C4101: 'ct' :참조되지 않은 지역 변수입니다.
C:\Users\asus\source\repos\Redis없이테스트용\Redis없이테스트용\Redis없이테스트용.cpp(268,11): warning C4101: 'ret' :참조되지 않은 지역 변수입니다.
C:\Users\asus\source\repos\Redis없이테스트용\Redis없이테스트용\Redis없이테스트용.cpp(259,7): warning C4101: 'method' :참조되지 않은 지역 변수입니다.
C:\Users\asus\source\repos\Redis없이테스트용\Redis없이테스트용\Redis없이테스트용.cpp(656,9): warning C4101: 'lpOutputBuf' :참조되지 않은 지역 변수입니다.
C:\Users\asus\source\repos\Redis없이테스트용\Redis없이테스트용\Redis없이테스트용.cpp(654,18): warning C4101: 'olOverlap' :참조되지 않은 지역 변수입니다.
C:\Users\asus\source\repos\Redis없이테스트용\Redis없이테스트용\Redis없이테스트용.cpp(658,9): warning C4101: 'buffer' :참조되지 않은 지역 변수입니다.
  코드를 생성하고 있습니다.
  0 of 295 functions ( 0.0%) were compiled, the rest were copied from previous compilation.
    0 functions were new in current compilation
    0 functions had inline decision re-evaluated but remain unchanged
  코드를 생성했습니다.
  Redis없이테스트용.vcxproj -> C:\Users\asus\source\repos\Redis없이테스트용\x64\Release\Redis없이테스트용.exe
